[0m15:40:59.761081 [debug] [MainThread]: Sending event: {'category': 'dbt', 'action': 'invocation', 'label': 'start', 'context': [<snowplow_tracker.self_describing_json.SelfDescribingJson object at 0x10d4b65b0>, <snowplow_tracker.self_describing_json.SelfDescribingJson object at 0x10edb2340>, <snowplow_tracker.self_describing_json.SelfDescribingJson object at 0x10edb22b0>]}


============================== 15:40:59.790831 | 4569f267-dc72-43a6-adbe-ed6d01750b40 ==============================
[0m15:40:59.790831 [info ] [MainThread]: Running with dbt=1.5.0
[0m15:40:59.791588 [debug] [MainThread]: running dbt with arguments {'printer_width': '80', 'indirect_selection': 'eager', 'write_json': 'True', 'log_cache_events': 'False', 'partial_parse': 'True', 'cache_selected_only': 'False', 'profiles_dir': '/Users/iwsl/.dbt', 'fail_fast': 'False', 'debug': 'False', 'log_path': 'logs', 'version_check': 'True', 'warn_error': 'None', 'use_colors': 'True', 'use_experimental_parser': 'False', 'no_print': 'None', 'quiet': 'False', 'log_format': 'default', 'introspect': 'True', 'static_parser': 'True', 'warn_error_options': 'WarnErrorOptions(include=[], exclude=[])', 'target_path': 'None', 'send_anonymous_usage_stats': 'True'}
[0m15:40:59.792962 [debug] [MainThread]: Starter project path: /usr/local/Cellar/dbt-snowflake/1.5.0/libexec/lib/python3.9/site-packages/dbt/include/starter_project
[0m15:45:08.886711 [info ] [MainThread]: Profile jaffle_shop written to /Users/iwsl/.dbt/profiles.yml using target's profile_template.yml and your supplied values. Run 'dbt debug' to validate the connection.
[0m15:45:08.890798 [info ] [MainThread]: 
Your new dbt project "jaffle_shop" was created!

For more information on how to configure the profiles.yml file,
please consult the dbt documentation here:

  https://docs.getdbt.com/docs/configure-your-profile

One more thing:

Need help? Don't hesitate to reach out to us via GitHub issues or on Slack:

  https://community.getdbt.com/

Happy modeling!

[0m15:45:08.893657 [debug] [MainThread]: Command `dbt init` succeeded at 15:45:08.893145 after 249.15 seconds
[0m15:45:08.894636 [debug] [MainThread]: Sending event: {'category': 'dbt', 'action': 'invocation', 'label': 'end', 'context': [<snowplow_tracker.self_describing_json.SelfDescribingJson object at 0x10d4b65b0>, <snowplow_tracker.self_describing_json.SelfDescribingJson object at 0x10ede1160>, <snowplow_tracker.self_describing_json.SelfDescribingJson object at 0x10f6b2160>]}
[0m15:45:08.895751 [debug] [MainThread]: Flushing usage events
[0m15:47:05.904141 [debug] [MainThread]: Sending event: {'category': 'dbt', 'action': 'invocation', 'label': 'start', 'context': [<snowplow_tracker.self_describing_json.SelfDescribingJson object at 0x111dba340>, <snowplow_tracker.self_describing_json.SelfDescribingJson object at 0x113699a60>, <snowplow_tracker.self_describing_json.SelfDescribingJson object at 0x113699b80>]}


============================== 15:47:05.913513 | 31f93f31-a822-494e-9525-246f60f7f6d1 ==============================
[0m15:47:05.913513 [info ] [MainThread]: Running with dbt=1.5.0
[0m15:47:05.914475 [debug] [MainThread]: running dbt with arguments {'printer_width': '80', 'indirect_selection': 'eager', 'log_cache_events': 'False', 'write_json': 'True', 'partial_parse': 'True', 'cache_selected_only': 'False', 'profiles_dir': '/Users/iwsl/.dbt', 'fail_fast': 'False', 'version_check': 'True', 'log_path': 'logs', 'warn_error': 'None', 'debug': 'False', 'use_colors': 'True', 'use_experimental_parser': 'False', 'no_print': 'None', 'quiet': 'False', 'warn_error_options': 'WarnErrorOptions(include=[], exclude=[])', 'introspect': 'True', 'log_format': 'default', 'static_parser': 'True', 'target_path': 'None', 'send_anonymous_usage_stats': 'True'}
[0m15:47:05.915233 [info ] [MainThread]: dbt version: 1.5.0
[0m15:47:05.915786 [info ] [MainThread]: python version: 3.9.16
[0m15:47:05.916279 [info ] [MainThread]: python path: /usr/local/Cellar/dbt-snowflake/1.5.0/libexec/bin/python3.9
[0m15:47:05.916698 [info ] [MainThread]: os info: macOS-13.3.1-x86_64-i386-64bit
[0m15:47:05.917120 [info ] [MainThread]: Using profiles.yml file at /Users/iwsl/.dbt/profiles.yml
[0m15:47:05.917527 [info ] [MainThread]: Using dbt_project.yml file at /Users/iwsl/Otoklix/repos/dbt-tutorial/dbt_project.yml
[0m15:47:05.917926 [info ] [MainThread]: Configuration:
[0m15:47:06.311071 [info ] [MainThread]:   profiles.yml file [[32mOK found and valid[0m]
[0m15:47:06.311703 [info ] [MainThread]:   dbt_project.yml file [[31mERROR not found[0m]
[0m15:47:06.312131 [info ] [MainThread]: Required dependencies:
[0m15:47:06.312581 [debug] [MainThread]: Executing "git --help"
[0m15:47:06.352678 [debug] [MainThread]: STDOUT: "b"usage: git [-v | --version] [-h | --help] [-C <path>] [-c <name>=<value>]\n           [--exec-path[=<path>]] [--html-path] [--man-path] [--info-path]\n           [-p | --paginate | -P | --no-pager] [--no-replace-objects] [--bare]\n           [--git-dir=<path>] [--work-tree=<path>] [--namespace=<name>]\n           [--config-env=<name>=<envvar>] <command> [<args>]\n\nThese are common Git commands used in various situations:\n\nstart a working area (see also: git help tutorial)\n   clone     Clone a repository into a new directory\n   init      Create an empty Git repository or reinitialize an existing one\n\nwork on the current change (see also: git help everyday)\n   add       Add file contents to the index\n   mv        Move or rename a file, a directory, or a symlink\n   restore   Restore working tree files\n   rm        Remove files from the working tree and from the index\n\nexamine the history and state (see also: git help revisions)\n   bisect    Use binary search to find the commit that introduced a bug\n   diff      Show changes between commits, commit and working tree, etc\n   grep      Print lines matching a pattern\n   log       Show commit logs\n   show      Show various types of objects\n   status    Show the working tree status\n\ngrow, mark and tweak your common history\n   branch    List, create, or delete branches\n   commit    Record changes to the repository\n   merge     Join two or more development histories together\n   rebase    Reapply commits on top of another base tip\n   reset     Reset current HEAD to the specified state\n   switch    Switch branches\n   tag       Create, list, delete or verify a tag object signed with GPG\n\ncollaborate (see also: git help workflows)\n   fetch     Download objects and refs from another repository\n   pull      Fetch from and integrate with another repository or a local branch\n   push      Update remote refs along with associated objects\n\n'git help -a' and 'git help -g' list available subcommands and some\nconcept guides. See 'git help <command>' or 'git help <concept>'\nto read about a specific subcommand or concept.\nSee 'git help git' for an overview of the system.\n""
[0m15:47:06.353815 [debug] [MainThread]: STDERR: "b''"
[0m15:47:06.354203 [info ] [MainThread]:  - git [[32mOK found[0m]

[0m15:47:06.354616 [info ] [MainThread]: Connection:
[0m15:47:06.355065 [info ] [MainThread]:   account: https://fh92719.ap-southeast-1.snowflakecomputing.com
[0m15:47:06.355434 [info ] [MainThread]:   user: wayan
[0m15:47:06.355798 [info ] [MainThread]:   database: ANALYTICS
[0m15:47:06.356158 [info ] [MainThread]:   schema: WAYAN_JAFFLE
[0m15:47:06.356516 [info ] [MainThread]:   warehouse: COMPUTE_WH
[0m15:47:06.356875 [info ] [MainThread]:   role: ACCOUNTADMIN
[0m15:47:06.357239 [info ] [MainThread]:   client_session_keep_alive: False
[0m15:47:06.357601 [info ] [MainThread]:   query_tag: None
[0m15:47:06.682781 [debug] [MainThread]: Acquiring new snowflake connection 'debug'
[0m15:47:06.686434 [debug] [MainThread]: Using snowflake connection "debug"
[0m15:47:06.687126 [debug] [MainThread]: On debug: select 1 as id
[0m15:47:06.687722 [debug] [MainThread]: Opening a new connection, currently in state init
[0m15:47:10.435406 [debug] [MainThread]: Snowflake adapter: Error running SQL: select 1 as id
[0m15:47:10.436817 [debug] [MainThread]: Snowflake adapter: Rolling back transaction.
[0m15:47:10.438055 [debug] [MainThread]: On debug: No close available on handle
[0m15:47:10.439198 [info ] [MainThread]:   Connection test: [[31mERROR[0m]

[0m15:47:10.440441 [info ] [MainThread]: [31m2 checks failed:[0m
[0m15:47:10.441577 [info ] [MainThread]: Could not load dbt_project.yml

[0m15:47:10.442748 [info ] [MainThread]: dbt was unable to connect to the specified database.
The database returned the following error:

  >Database Error
  250001: Could not connect to Snowflake backend after 0 attempt(s).Aborting

Check your database credentials and try again. For more information, visit:
https://docs.getdbt.com/docs/configure-your-profile


[0m15:47:10.444714 [debug] [MainThread]: Command `dbt debug` failed at 15:47:10.444359 after 4.58 seconds
[0m15:47:10.445623 [debug] [MainThread]: Connection 'debug' was properly closed.
[0m15:47:10.446329 [debug] [MainThread]: Sending event: {'category': 'dbt', 'action': 'invocation', 'label': 'end', 'context': [<snowplow_tracker.self_describing_json.SelfDescribingJson object at 0x111dba340>, <snowplow_tracker.self_describing_json.SelfDescribingJson object at 0x113fd3310>, <snowplow_tracker.self_describing_json.SelfDescribingJson object at 0x113fd3dc0>]}
[0m15:47:10.447151 [debug] [MainThread]: Flushing usage events
[0m15:51:11.862206 [debug] [MainThread]: Sending event: {'category': 'dbt', 'action': 'invocation', 'label': 'start', 'context': [<snowplow_tracker.self_describing_json.SelfDescribingJson object at 0x10c22b8b0>, <snowplow_tracker.self_describing_json.SelfDescribingJson object at 0x10db0fe20>, <snowplow_tracker.self_describing_json.SelfDescribingJson object at 0x10db0fd90>]}


============================== 15:51:11.870497 | 782e36f6-71da-43a0-8fa9-07f15085615e ==============================
[0m15:51:11.870497 [info ] [MainThread]: Running with dbt=1.5.0
[0m15:51:11.871332 [debug] [MainThread]: running dbt with arguments {'printer_width': '80', 'indirect_selection': 'eager', 'write_json': 'True', 'log_cache_events': 'False', 'partial_parse': 'True', 'cache_selected_only': 'False', 'profiles_dir': '/Users/iwsl/.dbt', 'fail_fast': 'False', 'version_check': 'True', 'log_path': 'logs', 'warn_error': 'None', 'debug': 'False', 'use_colors': 'True', 'use_experimental_parser': 'False', 'no_print': 'None', 'quiet': 'False', 'warn_error_options': 'WarnErrorOptions(include=[], exclude=[])', 'introspect': 'True', 'static_parser': 'True', 'log_format': 'default', 'target_path': 'None', 'send_anonymous_usage_stats': 'True'}
[0m15:51:11.872248 [error] [MainThread]: Encountered an error:
Runtime Error
  No dbt_project.yml found at expected path /Users/iwsl/Otoklix/repos/dbt-tutorial/dbt_project.yml
  Verify that each entry within packages.yml (and their transitive dependencies) contains a file named dbt_project.yml
  
[0m15:51:11.874050 [debug] [MainThread]: Command `dbt run` failed at 15:51:11.873757 after 0.06 seconds
[0m15:51:11.874843 [debug] [MainThread]: Sending event: {'category': 'dbt', 'action': 'invocation', 'label': 'end', 'context': [<snowplow_tracker.self_describing_json.SelfDescribingJson object at 0x10c22b8b0>, <snowplow_tracker.self_describing_json.SelfDescribingJson object at 0x10db63c40>, <snowplow_tracker.self_describing_json.SelfDescribingJson object at 0x10db63cd0>]}
[0m15:51:11.875434 [debug] [MainThread]: Flushing usage events
